warning: unused import: `alloc::boxed::Box`
 --> crates\praborrow-prover\src\parser_tests.rs:4:9
  |
4 | ...se alloc::boxed::Box;
  |       ^^^^^^^^^^^^^^^^^
  |
  = note: `#[warn(unused_imports)]` (part of `#[warn(unused)]`) on by default

warning: use of `async fn` in public traits is discouraged as auto trait bounds cannot be specified
   --> crates\praborrow-prover\src\lib.rs:496:5
    |
496 |     async fn ve...
    |     ^^^^^
    |
    = note: you can suppress this lint if you plan to use the trait only in your own code, or do not care about auto traits like `Send` on the `Future`
    = note: `#[warn(async_fn_in_trait)]` on by default
help: you can alternatively desugar to a normal `fn` that returns `impl Future` and add any desired bounds such as `Send`, but these cannot be relaxed without a breaking API change
    |
496 ~     fn verify(&self) -> impl std::future::Future<Output = Result<VerificationToken, ProofError>> + Send {async {
497 |         let this = self.clone();
...
503 |         .map_err(|e| ProofError::SolverFailure(format!("Join error: {}", e)))?
504 ~     } }
    |

warning: use of `async fn` in public traits is discouraged as auto trait bounds cannot be specified
   --> crates\praborrow-prover\src\lib.rs:516:5
    |
516 |     async fn ve...
    |     ^^^^^
    |
    = note: you can suppress this lint if you plan to use the trait only in your own code, or do not care about auto traits like `Send` on the `Future`
help: you can alternatively desugar to a normal `fn` that returns `impl Future` and add any desired bounds such as `Send`, but these cannot be relaxed without a breaking API change
    |
516 ~     fn verify_cached(&self) -> impl std::future::Future<Output = Result<VerificationToken, ProofError>> + Send
517 |     where
518 |         Self: Sized,
519 ~     {async {
520 |         #[cfg(feature = "std")]
...
544 |         }
545 ~     } }
    |

warning: use of `async fn` in public traits is discouraged as auto trait bounds cannot be specified
   --> crates\praborrow-prover\src\lib.rs:565:5
    |
565 |     async fn ve...
    |     ^^^^^
    |
    = note: you can suppress this lint if you plan to use the trait only in your own code, or do not care about auto traits like `Send` on the `Future`
help: you can alternatively desugar to a normal `fn` that returns `impl Future` and add any desired bounds such as `Send`, but these cannot be relaxed without a breaking API change
    |
565 -     async fn verify_integrity(&self) -> Result<VerificationToken, ProofError>;
565 +     fn verify_integrity(&self) -> impl std::future::Future<Output = Result<VerificationToken, ProofError>> + Send;
    |

warning: `praborrow-prover` (lib test) generated 4 warnings (run `cargo fix --lib -p praborrow-prover --tests` to apply 1 suggestion)
    Finished `test` profile [unoptimized + debuginfo] target(s) in 0.19s
     Running unittests src\lib.rs (target\debug\deps\praborrow_prover-078230761823e12e.exe)

running 5 tests
test parser_tests::tests::test_complex_expression ... ok
test parser_tests::tests::test_precedence_multiplication_addition ... FAILED
test parser_tests::tests::test_precedence_addition_bitwise_and ... FAILED
test parser_tests::tests::test_precedence_bitwise_or_and ... FAILED
test parser_tests::tests::test_parentheses_override ... FAILED

failures:

---- parser_tests::tests::test_precedence_multiplication_addition stdout ----

thread 'parser_tests::tests::test_precedence_multiplication_addition' (28428) panicked at crates\praborrow-prover\src\parser_tests.rs:9:59:
Parse failed: ParseError("Expression must be a comparison (e.g., 'self.x > 0'), not just arithmetic")

---- parser_tests::tests::test_precedence_addition_bitwise_and stdout ----

thread 'parser_tests::tests::test_precedence_addition_bitwise_and' (23616) panicked at crates\praborrow-prover\src\parser_tests.rs:34:59:
Parse failed: ParseError("Expression must be a comparison (e.g., 'self.x > 0'), not just arithmetic")

---- parser_tests::tests::test_precedence_bitwise_or_and stdout ----

thread 'parser_tests::tests::test_precedence_bitwise_or_and' (24076) panicked at crates\praborrow-prover\src\parser_tests.rs:58:59:
Parse failed: ParseError("Expression must be a comparison (e.g., 'self.x > 0'), not just arithmetic")

---- parser_tests::tests::test_parentheses_override stdout ----

thread 'parser_tests::tests::test_parentheses_override' (26728) panicked at crates\praborrow-prover\src\parser_tests.rs:118:61:
Parse failed: ParseError("Expression must be a comparison (e.g., 'self.x > 0'), not just arithmetic")
note: run with `RUST_BACKTRACE=1` environment variable to display a backtrace


failures:
    parser_tests::tests::test_parentheses_override
    parser_tests::tests::test_precedence_addition_bitwise_and
    parser_tests::tests::test_precedence_bitwise_or_and
    parser_tests::tests::test_precedence_multiplication_addition

test result: FAILED. 1 passed; 4 failed; 0 ignored; 0 measured; 14 filtered out; finished in 0.00s

error: test failed, to rerun pass `-p praborrow-prover --lib`
